# JRE version: Java(TM) SE Runtime Environment (17.0.12+8) (build 17.0.12+8-LTS-286)
# Java VM: Java HotSpot(TM) 64-Bit Server VM (17.0.12+8-LTS-286, mixed mode, emulated-client, sharing, tiered, compressed oops, compressed class ptrs, g1 gc, windows-amd64)
GC Precious Log:
 CPUs: 12 total, 12 available
 Memory: 8001M
 Large Page Support: Disabled
 NUMA Support: Disabled
 Compressed Oops: Enabled (32-bit)
 Heap Region Size: 1M
 Heap Min Capacity: 8M
 Heap Initial Capacity: 126M
 Heap Max Capacity: 2002M
 Pre-touch: Disabled
 Parallel Workers: 10
 Concurrent Workers: 3
 Concurrent Refinement Workers: 10
 Periodic GC: Disabled
Heap:
 garbage-first heap   total 70656K, used 31836K [0x0000000082e00000, 0x0000000100000000)
  region size 1024K, 8 young (8192K), 3 survivors (3072K)
 Metaspace       used 53802K, committed 54336K, reserved 1114112K
  class space    used 7623K, committed 7872K, reserved 1048576K
GC Heap History (20 events):
Event: 1.111 GC heap before
{Heap before GC invocations=1 (full 0):
 garbage-first heap   total 129024K, used 32564K [0x0000000082e00000, 0x0000000100000000)
  region size 1024K, 28 young (28672K), 3 survivors (3072K)
 Metaspace       used 12063K, committed 12352K, reserved 1114112K
  class space    used 1664K, committed 1792K, reserved 1048576K
}
Event: 1.115 GC heap after
{Heap after GC invocations=2 (full 0):
 garbage-first heap   total 129024K, used 10050K [0x0000000082e00000, 0x0000000100000000)
  region size 1024K, 2 young (2048K), 2 survivors (2048K)
 Metaspace       used 12063K, committed 12352K, reserved 1114112K
  class space    used 1664K, committed 1792K, reserved 1048576K
}
Event: 1.678 GC heap before
{Heap before GC invocations=2 (full 0):
 garbage-first heap   total 129024K, used 71490K [0x0000000082e00000, 0x0000000100000000)
  region size 1024K, 64 young (65536K), 2 survivors (2048K)
 Metaspace       used 21285K, committed 21504K, reserved 1114112K
  class space    used 2903K, committed 3008K, reserved 1048576K
}
Event: 1.683 GC heap after
{Heap after GC invocations=3 (full 0):
 garbage-first heap   total 129024K, used 14671K [0x0000000082e00000, 0x0000000100000000)
  region size 1024K, 7 young (7168K), 7 survivors (7168K)
 Metaspace       used 21285K, committed 21504K, reserved 1114112K
  class space    used 2903K, committed 3008K, reserved 1048576K
}
Event: 2.000 GC heap before
{Heap before GC invocations=4 (full 0):
 garbage-first heap   total 55296K, used 40271K [0x0000000082e00000, 0x0000000100000000)
  region size 1024K, 32 young (32768K), 7 survivors (7168K)
 Metaspace       used 24425K, committed 24768K, reserved 1114112K
  class space    used 3423K, committed 3584K, reserved 1048576K
}
Event: 2.004 GC heap after
{Heap after GC invocations=5 (full 0):
 garbage-first heap   total 55296K, used 17297K [0x0000000082e00000, 0x0000000100000000)
  region size 1024K, 3 young (3072K), 3 survivors (3072K)
 Metaspace       used 24425K, committed 24768K, reserved 1114112K
  class space    used 3423K, committed 3584K, reserved 1048576K
}
Event: 2.034 GC heap before
{Heap before GC invocations=5 (full 0):
 garbage-first heap   total 55296K, used 18321K [0x0000000082e00000, 0x0000000100000000)
  region size 1024K, 4 young (4096K), 3 survivors (3072K)
 Metaspace       used 24568K, committed 24960K, reserved 1114112K
  class space    used 3454K, committed 3648K, reserved 1048576K
}
Event: 2.037 GC heap after
{Heap after GC invocations=6 (full 0):
 garbage-first heap   total 55296K, used 17431K [0x0000000082e00000, 0x0000000100000000)
  region size 1024K, 1 young (1024K), 1 survivors (1024K)
 Metaspace       used 24568K, committed 24960K, reserved 1114112K
  class space    used 3454K, committed 3648K, reserved 1048576K
}
Event: 2.260 GC heap before
{Heap before GC invocations=6 (full 0):
 garbage-first heap   total 55296K, used 36887K [0x0000000082e00000, 0x0000000100000000)
  region size 1024K, 21 young (21504K), 1 survivors (1024K)
 Metaspace       used 27432K, committed 27776K, reserved 1114112K
  class space    used 3823K, committed 3968K, reserved 1048576K
}
Event: 2.262 GC heap after
{Heap after GC invocations=7 (full 0):
 garbage-first heap   total 55296K, used 18502K [0x0000000082e00000, 0x0000000100000000)
  region size 1024K, 2 young (2048K), 2 survivors (2048K)
 Metaspace       used 27432K, committed 27776K, reserved 1114112K
  class space    used 3823K, committed 3968K, reserved 1048576K
}
Event: 2.495 GC heap before
{Heap before GC invocations=7 (full 0):
 garbage-first heap   total 55296K, used 37958K [0x0000000082e00000, 0x0000000100000000)
  region size 1024K, 22 young (22528K), 2 survivors (2048K)
 Metaspace       used 31495K, committed 32000K, reserved 1114112K
  class space    used 4432K, committed 4672K, reserved 1048576K
}
Event: 2.498 GC heap after
{Heap after GC invocations=8 (full 0):
 garbage-first heap   total 55296K, used 19527K [0x0000000082e00000, 0x0000000100000000)
  region size 1024K, 3 young (3072K), 3 survivors (3072K)
 Metaspace       used 31495K, committed 32000K, reserved 1114112K
  class space    used 4432K, committed 4672K, reserved 1048576K
}
Event: 2.705 GC heap before
{Heap before GC invocations=8 (full 0):
 garbage-first heap   total 55296K, used 35911K [0x0000000082e00000, 0x0000000100000000)
  region size 1024K, 20 young (20480K), 3 survivors (3072K)
 Metaspace       used 35571K, committed 35968K, reserved 1114112K
  class space    used 5053K, committed 5248K, reserved 1048576K
}
Event: 2.707 GC heap after
{Heap after GC invocations=9 (full 0):
 garbage-first heap   total 55296K, used 20815K [0x0000000082e00000, 0x0000000100000000)
  region size 1024K, 3 young (3072K), 3 survivors (3072K)
 Metaspace       used 35571K, committed 35968K, reserved 1114112K
  class space    used 5053K, committed 5248K, reserved 1048576K
}
Event: 3.215 GC heap before
{Heap before GC invocations=10 (full 0):
 garbage-first heap   total 55296K, used 41295K [0x0000000082e00000, 0x0000000100000000)
  region size 1024K, 23 young (23552K), 3 survivors (3072K)
 Metaspace       used 43704K, committed 44160K, reserved 1114112K
  class space    used 6119K, committed 6336K, reserved 1048576K
}
Event: 3.218 GC heap after
{Heap after GC invocations=11 (full 0):
 garbage-first heap   total 70656K, used 22592K [0x0000000082e00000, 0x0000000100000000)
  region size 1024K, 3 young (3072K), 3 survivors (3072K)
 Metaspace       used 43704K, committed 44160K, reserved 1114112K
  class space    used 6119K, committed 6336K, reserved 1048576K
}
Event: 3.560 GC heap before
{Heap before GC invocations=11 (full 0):
 garbage-first heap   total 70656K, used 53312K [0x0000000082e00000, 0x0000000100000000)
  region size 1024K, 34 young (34816K), 3 survivors (3072K)
 Metaspace       used 49620K, committed 50048K, reserved 1114112K
  class space    used 7001K, committed 7232K, reserved 1048576K
}
Event: 3.563 GC heap after
{Heap after GC invocations=12 (full 0):
 garbage-first heap   total 70656K, used 25368K [0x0000000082e00000, 0x0000000100000000)
  region size 1024K, 5 young (5120K), 5 survivors (5120K)
 Metaspace       used 49620K, committed 50048K, reserved 1114112K
  class space    used 7001K, committed 7232K, reserved 1048576K
}
Event: 3.850 GC heap before
{Heap before GC invocations=12 (full 0):
 garbage-first heap   total 70656K, used 54040K [0x0000000082e00000, 0x0000000100000000)
  region size 1024K, 33 young (33792K), 5 survivors (5120K)
 Metaspace       used 53306K, committed 53824K, reserved 1114112K
  class space    used 7541K, committed 7808K, reserved 1048576K
}
Event: 3.853 GC heap after
{Heap after GC invocations=13 (full 0):
 garbage-first heap   total 70656K, used 27740K [0x0000000082e00000, 0x0000000100000000)
  region size 1024K, 3 young (3072K), 3 survivors (3072K)
 Metaspace       used 53306K, committed 53824K, reserved 1114112K
  class space    used 7541K, committed 7808K, reserved 1048576K
}

